  imgui.cpp
  imgui_demo.cpp
  imgui_draw.cpp
  imgui_impl_dx11.cpp
  imgui_impl_win32.cpp
  imgui_tables.cpp
  imgui_widgets.cpp
  main.cpp
C:\Program Files\Microsoft Visual Studio\2022\Community\VC\Tools\MSVC\14.43.34808\include\filesystem(12): warning STL4038: The contents of <filesystem> are available only with C++17 or later.
D:\GitHub\ilegproj\5(18)\OwerWatch(1)\HyperFlick-Overwatch2-Auto-Skills-Sk-Assist-Esp-Spoofer-Tracking-AntiFllag-Hack-Cheat\SinfulEXP Overwatch-2 Cheat\SDK.hpp(22,12): error C2664: 'int _stricmp(const char *,const char *)': cannot convert argument 1 from 'WCHAR [256]' to 'const char *'
  (compiling source file 'main.cpp')
      D:\GitHub\ilegproj\5(18)\OwerWatch(1)\HyperFlick-Overwatch2-Auto-Skills-Sk-Assist-Esp-Spoofer-Tracking-AntiFllag-Hack-Cheat\SinfulEXP Overwatch-2 Cheat\SDK.hpp(22,29):
      Types pointed to are unrelated; conversion requires reinterpret_cast, C-style cast or parenthesized function-style cast
      C:\Program Files (x86)\Windows Kits\10\Include\10.0.26100.0\ucrt\string.h(189,22):
      see declaration of '_stricmp'
      D:\GitHub\ilegproj\5(18)\OwerWatch(1)\HyperFlick-Overwatch2-Auto-Skills-Sk-Assist-Esp-Spoofer-Tracking-AntiFllag-Hack-Cheat\SinfulEXP Overwatch-2 Cheat\SDK.hpp(22,12):
      while trying to match the argument list '(WCHAR [256], const char *)'
  
D:\GitHub\ilegproj\5(18)\OwerWatch(1)\HyperFlick-Overwatch2-Auto-Skills-Sk-Assist-Esp-Spoofer-Tracking-AntiFllag-Hack-Cheat\SinfulEXP Overwatch-2 Cheat\SDK.hpp(100,20): warning C4267: 'initializing': conversion from 'size_t' to 'int', possible loss of data
  (compiling source file 'main.cpp')
  
D:\GitHub\ilegproj\5(18)\OwerWatch(1)\HyperFlick-Overwatch2-Auto-Skills-Sk-Assist-Esp-Spoofer-Tracking-AntiFllag-Hack-Cheat\SinfulEXP Overwatch-2 Cheat\SDK.hpp(151,20): warning C4267: 'initializing': conversion from 'size_t' to 'int', possible loss of data
  (compiling source file 'main.cpp')
  
D:\GitHub\ilegproj\5(18)\OwerWatch(1)\HyperFlick-Overwatch2-Auto-Skills-Sk-Assist-Esp-Spoofer-Tracking-AntiFllag-Hack-Cheat\SinfulEXP Overwatch-2 Cheat\SDK.hpp(217,70): warning C4244: 'argument': conversion from 'DWORD64' to 'int', possible loss of data
  (compiling source file 'main.cpp')
  
D:\GitHub\ilegproj\5(18)\OwerWatch(1)\HyperFlick-Overwatch2-Auto-Skills-Sk-Assist-Esp-Spoofer-Tracking-AntiFllag-Hack-Cheat\SinfulEXP Overwatch-2 Cheat\SDK.hpp(245,70): warning C4244: 'argument': conversion from 'DWORD64' to 'int', possible loss of data
  (compiling source file 'main.cpp')
  
D:\GitHub\ilegproj\5(18)\OwerWatch(1)\HyperFlick-Overwatch2-Auto-Skills-Sk-Assist-Esp-Spoofer-Tracking-AntiFllag-Hack-Cheat\SinfulEXP Overwatch-2 Cheat\SDK.hpp(259,14): error C7525: inline variables require at least '/std:c++17'
  (compiling source file 'main.cpp')
  
D:\GitHub\ilegproj\5(18)\OwerWatch(1)\HyperFlick-Overwatch2-Auto-Skills-Sk-Assist-Esp-Spoofer-Tracking-AntiFllag-Hack-Cheat\SinfulEXP Overwatch-2 Cheat\Renderer.hpp(23,17): warning C4244: 'initializing': conversion from 'double' to 'float', possible loss of data
  (compiling source file 'main.cpp')
  
D:\GitHub\ilegproj\5(18)\OwerWatch(1)\HyperFlick-Overwatch2-Auto-Skills-Sk-Assist-Esp-Spoofer-Tracking-AntiFllag-Hack-Cheat\SinfulEXP Overwatch-2 Cheat\safecallez.h(226,42): error C2440: 'initializing': cannot convert from 'FindWindow_t' to 'FindWindowA_t'
  (compiling source file 'main.cpp')
      D:\GitHub\ilegproj\5(18)\OwerWatch(1)\HyperFlick-Overwatch2-Auto-Skills-Sk-Assist-Esp-Spoofer-Tracking-AntiFllag-Hack-Cheat\SinfulEXP Overwatch-2 Cheat\safecallez.h(226,42):
      This conversion requires a reinterpret_cast, a C-style cast or parenthesized function-style cast
  
D:\GitHub\ilegproj\5(18)\OwerWatch(1)\HyperFlick-Overwatch2-Auto-Skills-Sk-Assist-Esp-Spoofer-Tracking-AntiFllag-Hack-Cheat\SinfulEXP Overwatch-2 Cheat\includes.hpp(55,21): error C2039: 'filesystem': is not a member of 'std'
  (compiling source file 'main.cpp')
      C:\Program Files\Microsoft Visual Studio\2022\Community\VC\Tools\MSVC\14.43.34808\include\random(47,1):
      see declaration of 'std'
  
D:\GitHub\ilegproj\5(18)\OwerWatch(1)\HyperFlick-Overwatch2-Auto-Skills-Sk-Assist-Esp-Spoofer-Tracking-AntiFllag-Hack-Cheat\SinfulEXP Overwatch-2 Cheat\includes.hpp(55,21): error C2878: 'filesystem': a namespace or class of this name does not exist
  (compiling source file 'main.cpp')
  
D:\GitHub\ilegproj\5(18)\OwerWatch(1)\HyperFlick-Overwatch2-Auto-Skills-Sk-Assist-Esp-Spoofer-Tracking-AntiFllag-Hack-Cheat\SinfulEXP Overwatch-2 Cheat\includes.hpp(142,14): error C7525: inline variables require at least '/std:c++17'
  (compiling source file 'main.cpp')
  
D:\GitHub\ilegproj\5(18)\OwerWatch(1)\HyperFlick-Overwatch2-Auto-Skills-Sk-Assist-Esp-Spoofer-Tracking-AntiFllag-Hack-Cheat\SinfulEXP Overwatch-2 Cheat\includes.hpp(142,25): error C7525: inline variables require at least '/std:c++17'
  (compiling source file 'main.cpp')
  
D:\GitHub\ilegproj\5(18)\OwerWatch(1)\HyperFlick-Overwatch2-Auto-Skills-Sk-Assist-Esp-Spoofer-Tracking-AntiFllag-Hack-Cheat\SinfulEXP Overwatch-2 Cheat\includes.hpp(143,31): error C7525: inline variables require at least '/std:c++17'
  (compiling source file 'main.cpp')
  
D:\GitHub\ilegproj\5(18)\OwerWatch(1)\HyperFlick-Overwatch2-Auto-Skills-Sk-Assist-Esp-Spoofer-Tracking-AntiFllag-Hack-Cheat\SinfulEXP Overwatch-2 Cheat\includes.hpp(144,16): error C7525: inline variables require at least '/std:c++17'
  (compiling source file 'main.cpp')
  
D:\GitHub\ilegproj\5(18)\OwerWatch(1)\HyperFlick-Overwatch2-Auto-Skills-Sk-Assist-Esp-Spoofer-Tracking-AntiFllag-Hack-Cheat\SinfulEXP Overwatch-2 Cheat\includes.hpp(145,16): error C7525: inline variables require at least '/std:c++17'
  (compiling source file 'main.cpp')
  
D:\GitHub\ilegproj\5(18)\OwerWatch(1)\HyperFlick-Overwatch2-Auto-Skills-Sk-Assist-Esp-Spoofer-Tracking-AntiFllag-Hack-Cheat\SinfulEXP Overwatch-2 Cheat\includes.hpp(146,18): error C7525: inline variables require at least '/std:c++17'
  (compiling source file 'main.cpp')
  
D:\GitHub\ilegproj\5(18)\OwerWatch(1)\HyperFlick-Overwatch2-Auto-Skills-Sk-Assist-Esp-Spoofer-Tracking-AntiFllag-Hack-Cheat\SinfulEXP Overwatch-2 Cheat\Target.hpp(2,10): warning C4067: unexpected tokens following preprocessor directive - expected a newline
  (compiling source file 'main.cpp')
  
D:\GitHub\ilegproj\5(18)\OwerWatch(1)\HyperFlick-Overwatch2-Auto-Skills-Sk-Assist-Esp-Spoofer-Tracking-AntiFllag-Hack-Cheat\SinfulEXP Overwatch-2 Cheat\Overwatch.hpp(346,20): error C2039: 'Hotkey': is not a member of 'ImGui'
  (compiling source file 'main.cpp')
      D:\GitHub\ilegproj\5(18)\OwerWatch(1)\HyperFlick-Overwatch2-Auto-Skills-Sk-Assist-Esp-Spoofer-Tracking-AntiFllag-Hack-Cheat\SinfulEXP Overwatch-2 Cheat\imgui\imgui_internal.h(2272,11):
      see declaration of 'ImGui'
  
D:\GitHub\ilegproj\5(18)\OwerWatch(1)\HyperFlick-Overwatch2-Auto-Skills-Sk-Assist-Esp-Spoofer-Tracking-AntiFllag-Hack-Cheat\SinfulEXP Overwatch-2 Cheat\Overwatch.hpp(365,20): error C2039: 'Hotkey1': is not a member of 'ImGui'
  (compiling source file 'main.cpp')
      D:\GitHub\ilegproj\5(18)\OwerWatch(1)\HyperFlick-Overwatch2-Auto-Skills-Sk-Assist-Esp-Spoofer-Tracking-AntiFllag-Hack-Cheat\SinfulEXP Overwatch-2 Cheat\imgui\imgui_internal.h(2272,11):
      see declaration of 'ImGui'
  
D:\GitHub\ilegproj\5(18)\OwerWatch(1)\HyperFlick-Overwatch2-Auto-Skills-Sk-Assist-Esp-Spoofer-Tracking-AntiFllag-Hack-Cheat\SinfulEXP Overwatch-2 Cheat\Overwatch.hpp(384,20): error C2039: 'Hotkey2': is not a member of 'ImGui'
  (compiling source file 'main.cpp')
      D:\GitHub\ilegproj\5(18)\OwerWatch(1)\HyperFlick-Overwatch2-Auto-Skills-Sk-Assist-Esp-Spoofer-Tracking-AntiFllag-Hack-Cheat\SinfulEXP Overwatch-2 Cheat\imgui\imgui_internal.h(2272,11):
      see declaration of 'ImGui'
  
D:\GitHub\ilegproj\5(18)\OwerWatch(1)\HyperFlick-Overwatch2-Auto-Skills-Sk-Assist-Esp-Spoofer-Tracking-AntiFllag-Hack-Cheat\SinfulEXP Overwatch-2 Cheat\Overwatch.hpp(403,20): error C2039: 'Hotkey3': is not a member of 'ImGui'
  (compiling source file 'main.cpp')
      D:\GitHub\ilegproj\5(18)\OwerWatch(1)\HyperFlick-Overwatch2-Auto-Skills-Sk-Assist-Esp-Spoofer-Tracking-AntiFllag-Hack-Cheat\SinfulEXP Overwatch-2 Cheat\imgui\imgui_internal.h(2272,11):
      see declaration of 'ImGui'
  
D:\GitHub\ilegproj\5(18)\OwerWatch(1)\HyperFlick-Overwatch2-Auto-Skills-Sk-Assist-Esp-Spoofer-Tracking-AntiFllag-Hack-Cheat\SinfulEXP Overwatch-2 Cheat\Overwatch.hpp(422,20): error C2039: 'Hotkey4': is not a member of 'ImGui'
  (compiling source file 'main.cpp')
      D:\GitHub\ilegproj\5(18)\OwerWatch(1)\HyperFlick-Overwatch2-Auto-Skills-Sk-Assist-Esp-Spoofer-Tracking-AntiFllag-Hack-Cheat\SinfulEXP Overwatch-2 Cheat\imgui\imgui_internal.h(2272,11):
      see declaration of 'ImGui'
  
D:\GitHub\ilegproj\5(18)\OwerWatch(1)\HyperFlick-Overwatch2-Auto-Skills-Sk-Assist-Esp-Spoofer-Tracking-AntiFllag-Hack-Cheat\SinfulEXP Overwatch-2 Cheat\Overwatch.hpp(504,16): warning C4305: '-=': truncation from 'double' to 'float'
  (compiling source file 'main.cpp')
  
D:\GitHub\ilegproj\5(18)\OwerWatch(1)\HyperFlick-Overwatch2-Auto-Skills-Sk-Assist-Esp-Spoofer-Tracking-AntiFllag-Hack-Cheat\SinfulEXP Overwatch-2 Cheat\Overwatch.hpp(528,47): warning C4838: conversion from 'double' to 'const std::complex<float>' requires a narrowing conversion
  (compiling source file 'main.cpp')
  
D:\GitHub\ilegproj\5(18)\OwerWatch(1)\HyperFlick-Overwatch2-Auto-Skills-Sk-Assist-Esp-Spoofer-Tracking-AntiFllag-Hack-Cheat\SinfulEXP Overwatch-2 Cheat\Overwatch.hpp(528,47): warning C4244: 'argument': conversion from 'double' to 'const std::complex<float>::_Ty', possible loss of data
  (compiling source file 'main.cpp')
  
D:\GitHub\ilegproj\5(18)\OwerWatch(1)\HyperFlick-Overwatch2-Auto-Skills-Sk-Assist-Esp-Spoofer-Tracking-AntiFllag-Hack-Cheat\SinfulEXP Overwatch-2 Cheat\Overwatch.hpp(528,51): warning C4838: conversion from 'double' to 'const std::complex<float>' requires a narrowing conversion
  (compiling source file 'main.cpp')
  
D:\GitHub\ilegproj\5(18)\OwerWatch(1)\HyperFlick-Overwatch2-Auto-Skills-Sk-Assist-Esp-Spoofer-Tracking-AntiFllag-Hack-Cheat\SinfulEXP Overwatch-2 Cheat\Overwatch.hpp(528,51): warning C4244: 'argument': conversion from 'double' to 'const std::complex<float>::_Ty', possible loss of data
  (compiling source file 'main.cpp')
  
D:\GitHub\ilegproj\5(18)\OwerWatch(1)\HyperFlick-Overwatch2-Auto-Skills-Sk-Assist-Esp-Spoofer-Tracking-AntiFllag-Hack-Cheat\SinfulEXP Overwatch-2 Cheat\Overwatch.hpp(528,55): warning C4838: conversion from 'double' to 'const std::complex<float>' requires a narrowing conversion
  (compiling source file 'main.cpp')
  
D:\GitHub\ilegproj\5(18)\OwerWatch(1)\HyperFlick-Overwatch2-Auto-Skills-Sk-Assist-Esp-Spoofer-Tracking-AntiFllag-Hack-Cheat\SinfulEXP Overwatch-2 Cheat\Overwatch.hpp(528,55): warning C4244: 'argument': conversion from 'double' to 'const std::complex<float>::_Ty', possible loss of data
  (compiling source file 'main.cpp')
  
D:\GitHub\ilegproj\5(18)\OwerWatch(1)\HyperFlick-Overwatch2-Auto-Skills-Sk-Assist-Esp-Spoofer-Tracking-AntiFllag-Hack-Cheat\SinfulEXP Overwatch-2 Cheat\Overwatch.hpp(528,59): warning C4838: conversion from 'double' to 'const std::complex<float>' requires a narrowing conversion
  (compiling source file 'main.cpp')
  
D:\GitHub\ilegproj\5(18)\OwerWatch(1)\HyperFlick-Overwatch2-Auto-Skills-Sk-Assist-Esp-Spoofer-Tracking-AntiFllag-Hack-Cheat\SinfulEXP Overwatch-2 Cheat\Overwatch.hpp(528,59): warning C4244: 'argument': conversion from 'double' to 'const std::complex<float>::_Ty', possible loss of data
  (compiling source file 'main.cpp')
  
D:\GitHub\ilegproj\5(18)\OwerWatch(1)\HyperFlick-Overwatch2-Auto-Skills-Sk-Assist-Esp-Spoofer-Tracking-AntiFllag-Hack-Cheat\SinfulEXP Overwatch-2 Cheat\Overwatch.hpp(528,63): warning C4838: conversion from 'double' to 'const std::complex<float>' requires a narrowing conversion
  (compiling source file 'main.cpp')
  
D:\GitHub\ilegproj\5(18)\OwerWatch(1)\HyperFlick-Overwatch2-Auto-Skills-Sk-Assist-Esp-Spoofer-Tracking-AntiFllag-Hack-Cheat\SinfulEXP Overwatch-2 Cheat\Overwatch.hpp(528,63): warning C4244: 'argument': conversion from 'double' to 'const std::complex<float>::_Ty', possible loss of data
  (compiling source file 'main.cpp')
  
D:\GitHub\ilegproj\5(18)\OwerWatch(1)\HyperFlick-Overwatch2-Auto-Skills-Sk-Assist-Esp-Spoofer-Tracking-AntiFllag-Hack-Cheat\SinfulEXP Overwatch-2 Cheat\Overwatch.hpp(547,14): error C2712: Cannot use __try in functions that require object unwinding
  (compiling source file 'main.cpp')
  
D:\GitHub\ilegproj\5(18)\OwerWatch(1)\HyperFlick-Overwatch2-Auto-Skills-Sk-Assist-Esp-Spoofer-Tracking-AntiFllag-Hack-Cheat\SinfulEXP Overwatch-2 Cheat\Overwatch.hpp(594,103): warning C4244: 'argument': conversion from 'double' to 'float', possible loss of data
  (compiling source file 'main.cpp')
  
D:\GitHub\ilegproj\5(18)\OwerWatch(1)\HyperFlick-Overwatch2-Auto-Skills-Sk-Assist-Esp-Spoofer-Tracking-AntiFllag-Hack-Cheat\SinfulEXP Overwatch-2 Cheat\Overwatch.hpp(594,52): warning C4244: 'argument': conversion from 'double' to 'float', possible loss of data
  (compiling source file 'main.cpp')
  
D:\GitHub\ilegproj\5(18)\OwerWatch(1)\HyperFlick-Overwatch2-Auto-Skills-Sk-Assist-Esp-Spoofer-Tracking-AntiFllag-Hack-Cheat\SinfulEXP Overwatch-2 Cheat\Overwatch.hpp(595,128): warning C4244: 'argument': conversion from 'double' to 'float', possible loss of data
  (compiling source file 'main.cpp')
  
D:\GitHub\ilegproj\5(18)\OwerWatch(1)\HyperFlick-Overwatch2-Auto-Skills-Sk-Assist-Esp-Spoofer-Tracking-AntiFllag-Hack-Cheat\SinfulEXP Overwatch-2 Cheat\Overwatch.hpp(595,91): warning C4244: 'argument': conversion from 'double' to 'float', possible loss of data
  (compiling source file 'main.cpp')
  
D:\GitHub\ilegproj\5(18)\OwerWatch(1)\HyperFlick-Overwatch2-Auto-Skills-Sk-Assist-Esp-Spoofer-Tracking-AntiFllag-Hack-Cheat\SinfulEXP Overwatch-2 Cheat\Overwatch.hpp(595,54): warning C4244: 'argument': conversion from 'double' to 'float', possible loss of data
  (compiling source file 'main.cpp')
  
D:\GitHub\ilegproj\5(18)\OwerWatch(1)\HyperFlick-Overwatch2-Auto-Skills-Sk-Assist-Esp-Spoofer-Tracking-AntiFllag-Hack-Cheat\SinfulEXP Overwatch-2 Cheat\Overwatch.hpp(613,19): warning C4804: '-=': unsafe use of type 'bool' in operation
  (compiling source file 'main.cpp')
  
D:\GitHub\ilegproj\5(18)\OwerWatch(1)\HyperFlick-Overwatch2-Auto-Skills-Sk-Assist-Esp-Spoofer-Tracking-AntiFllag-Hack-Cheat\SinfulEXP Overwatch-2 Cheat\Overwatch.hpp(614,16): warning C4804: '-=': unsafe use of type 'bool' in operation
  (compiling source file 'main.cpp')
  
D:\GitHub\ilegproj\5(18)\OwerWatch(1)\HyperFlick-Overwatch2-Auto-Skills-Sk-Assist-Esp-Spoofer-Tracking-AntiFllag-Hack-Cheat\SinfulEXP Overwatch-2 Cheat\Overwatch.hpp(615,24): warning C4804: '-=': unsafe use of type 'bool' in operation
  (compiling source file 'main.cpp')
  
D:\GitHub\ilegproj\5(18)\OwerWatch(1)\HyperFlick-Overwatch2-Auto-Skills-Sk-Assist-Esp-Spoofer-Tracking-AntiFllag-Hack-Cheat\SinfulEXP Overwatch-2 Cheat\Overwatch.hpp(616,16): warning C4804: '-=': unsafe use of type 'bool' in operation
  (compiling source file 'main.cpp')
  
D:\GitHub\ilegproj\5(18)\OwerWatch(1)\HyperFlick-Overwatch2-Auto-Skills-Sk-Assist-Esp-Spoofer-Tracking-AntiFllag-Hack-Cheat\SinfulEXP Overwatch-2 Cheat\Overwatch.hpp(646,16): warning C4244: 'initializing': conversion from 'float' to 'int', possible loss of data
  (compiling source file 'main.cpp')
  
D:\GitHub\ilegproj\5(18)\OwerWatch(1)\HyperFlick-Overwatch2-Auto-Skills-Sk-Assist-Esp-Spoofer-Tracking-AntiFllag-Hack-Cheat\SinfulEXP Overwatch-2 Cheat\Overwatch.hpp(677,16): warning C4244: 'initializing': conversion from 'float' to 'int', possible loss of data
  (compiling source file 'main.cpp')
  
D:\GitHub\ilegproj\5(18)\OwerWatch(1)\HyperFlick-Overwatch2-Auto-Skills-Sk-Assist-Esp-Spoofer-Tracking-AntiFllag-Hack-Cheat\SinfulEXP Overwatch-2 Cheat\Overwatch.hpp(686,139): warning C4305: 'argument': truncation from 'double' to 'float'
  (compiling source file 'main.cpp')
  
D:\GitHub\ilegproj\5(18)\OwerWatch(1)\HyperFlick-Overwatch2-Auto-Skills-Sk-Assist-Esp-Spoofer-Tracking-AntiFllag-Hack-Cheat\SinfulEXP Overwatch-2 Cheat\Overwatch.hpp(693,139): warning C4305: 'argument': truncation from 'double' to 'float'
  (compiling source file 'main.cpp')
  
D:\GitHub\ilegproj\5(18)\OwerWatch(1)\HyperFlick-Overwatch2-Auto-Skills-Sk-Assist-Esp-Spoofer-Tracking-AntiFllag-Hack-Cheat\SinfulEXP Overwatch-2 Cheat\Overwatch.hpp(714,16): warning C4244: 'initializing': conversion from 'float' to 'int', possible loss of data
  (compiling source file 'main.cpp')
  
D:\GitHub\ilegproj\5(18)\OwerWatch(1)\HyperFlick-Overwatch2-Auto-Skills-Sk-Assist-Esp-Spoofer-Tracking-AntiFllag-Hack-Cheat\SinfulEXP Overwatch-2 Cheat\Overwatch.hpp(812,16): warning C4244: 'initializing': conversion from 'float' to 'int', possible loss of data
  (compiling source file 'main.cpp')
  
D:\GitHub\ilegproj\5(18)\OwerWatch(1)\HyperFlick-Overwatch2-Auto-Skills-Sk-Assist-Esp-Spoofer-Tracking-AntiFllag-Hack-Cheat\SinfulEXP Overwatch-2 Cheat\Overwatch.hpp(844,16): warning C4244: 'initializing': conversion from 'float' to 'int', possible loss of data
  (compiling source file 'main.cpp')
  
D:\GitHub\ilegproj\5(18)\OwerWatch(1)\HyperFlick-Overwatch2-Auto-Skills-Sk-Assist-Esp-Spoofer-Tracking-AntiFllag-Hack-Cheat\SinfulEXP Overwatch-2 Cheat\Overwatch.hpp(848,20): warning C4244: 'initializing': conversion from 'float' to 'int', possible loss of data
  (compiling source file 'main.cpp')
  
D:\GitHub\ilegproj\5(18)\OwerWatch(1)\HyperFlick-Overwatch2-Auto-Skills-Sk-Assist-Esp-Spoofer-Tracking-AntiFllag-Hack-Cheat\SinfulEXP Overwatch-2 Cheat\Overwatch.hpp(630,14): error C2712: Cannot use __try in functions that require object unwinding
  (compiling source file 'main.cpp')
  
D:\GitHub\ilegproj\5(18)\OwerWatch(1)\HyperFlick-Overwatch2-Auto-Skills-Sk-Assist-Esp-Spoofer-Tracking-AntiFllag-Hack-Cheat\SinfulEXP Overwatch-2 Cheat\Overwatch.hpp(877,16): error C3083: 'system_clock': the symbol to the left of a '::' must be a type
  (compiling source file 'main.cpp')
  
D:\GitHub\ilegproj\5(18)\OwerWatch(1)\HyperFlick-Overwatch2-Auto-Skills-Sk-Assist-Esp-Spoofer-Tracking-AntiFllag-Hack-Cheat\SinfulEXP Overwatch-2 Cheat\Overwatch.hpp(877,58): error C3083: 'system_clock': the symbol to the left of a '::' must be a type
  (compiling source file 'main.cpp')
  
D:\GitHub\ilegproj\5(18)\OwerWatch(1)\HyperFlick-Overwatch2-Auto-Skills-Sk-Assist-Esp-Spoofer-Tracking-AntiFllag-Hack-Cheat\SinfulEXP Overwatch-2 Cheat\Overwatch.hpp(877,72): error C2039: 'now': is not a member of 'std::chrono'
  (compiling source file 'main.cpp')
      C:\Program Files\Microsoft Visual Studio\2022\Community\VC\Tools\MSVC\14.43.34808\include\__msvc_chrono.hpp(286,11):
      see declaration of 'std::chrono'
  
D:\GitHub\ilegproj\5(18)\OwerWatch(1)\HyperFlick-Overwatch2-Auto-Skills-Sk-Assist-Esp-Spoofer-Tracking-AntiFllag-Hack-Cheat\SinfulEXP Overwatch-2 Cheat\Overwatch.hpp(877,72): error C3861: 'now': identifier not found
  (compiling source file 'main.cpp')
  
D:\GitHub\ilegproj\5(18)\OwerWatch(1)\HyperFlick-Overwatch2-Auto-Skills-Sk-Assist-Esp-Spoofer-Tracking-AntiFllag-Hack-Cheat\SinfulEXP Overwatch-2 Cheat\Overwatch.hpp(877,43): error C2514: 'std::chrono::time_point': class template cannot be constructed
  (compiling source file 'main.cpp')
      C:\Program Files\Microsoft Visual Studio\2022\Community\VC\Tools\MSVC\14.43.34808\include\__msvc_chrono.hpp(200,11):
      see declaration of 'std::chrono::time_point'
  
D:\GitHub\ilegproj\5(18)\OwerWatch(1)\HyperFlick-Overwatch2-Auto-Skills-Sk-Assist-Esp-Spoofer-Tracking-AntiFllag-Hack-Cheat\SinfulEXP Overwatch-2 Cheat\Overwatch.hpp(878,16): error C3083: 'system_clock': the symbol to the left of a '::' must be a type
  (compiling source file 'main.cpp')
  
D:\GitHub\ilegproj\5(18)\OwerWatch(1)\HyperFlick-Overwatch2-Auto-Skills-Sk-Assist-Esp-Spoofer-Tracking-AntiFllag-Hack-Cheat\SinfulEXP Overwatch-2 Cheat\Overwatch.hpp(878,58): error C3083: 'system_clock': the symbol to the left of a '::' must be a type
  (compiling source file 'main.cpp')
  
D:\GitHub\ilegproj\5(18)\OwerWatch(1)\HyperFlick-Overwatch2-Auto-Skills-Sk-Assist-Esp-Spoofer-Tracking-AntiFllag-Hack-Cheat\SinfulEXP Overwatch-2 Cheat\Overwatch.hpp(878,72): error C2039: 'now': is not a member of 'std::chrono'
  (compiling source file 'main.cpp')
      C:\Program Files\Microsoft Visual Studio\2022\Community\VC\Tools\MSVC\14.43.34808\include\__msvc_chrono.hpp(286,11):
      see declaration of 'std::chrono'
  
D:\GitHub\ilegproj\5(18)\OwerWatch(1)\HyperFlick-Overwatch2-Auto-Skills-Sk-Assist-Esp-Spoofer-Tracking-AntiFllag-Hack-Cheat\SinfulEXP Overwatch-2 Cheat\Overwatch.hpp(878,72): error C3861: 'now': identifier not found
  (compiling source file 'main.cpp')
  
D:\GitHub\ilegproj\5(18)\OwerWatch(1)\HyperFlick-Overwatch2-Auto-Skills-Sk-Assist-Esp-Spoofer-Tracking-AntiFllag-Hack-Cheat\SinfulEXP Overwatch-2 Cheat\Overwatch.hpp(878,43): error C2514: 'std::chrono::time_point': class template cannot be constructed
  (compiling source file 'main.cpp')
      C:\Program Files\Microsoft Visual Studio\2022\Community\VC\Tools\MSVC\14.43.34808\include\__msvc_chrono.hpp(200,11):
      see declaration of 'std::chrono::time_point'
  
D:\GitHub\ilegproj\5(18)\OwerWatch(1)\HyperFlick-Overwatch2-Auto-Skills-Sk-Assist-Esp-Spoofer-Tracking-AntiFllag-Hack-Cheat\SinfulEXP Overwatch-2 Cheat\Overwatch.hpp(881,117): error C2440: 'initializing': cannot convert from 'const char [13]' to 'LPCWSTR'
  (compiling source file 'main.cpp')
      D:\GitHub\ilegproj\5(18)\OwerWatch(1)\HyperFlick-Overwatch2-Auto-Skills-Sk-Assist-Esp-Spoofer-Tracking-AntiFllag-Hack-Cheat\SinfulEXP Overwatch-2 Cheat\Overwatch.hpp(881,117):
      Types pointed to are unrelated; conversion requires reinterpret_cast, C-style cast or parenthesized function-style cast
  
D:\GitHub\ilegproj\5(18)\OwerWatch(1)\HyperFlick-Overwatch2-Auto-Skills-Sk-Assist-Esp-Spoofer-Tracking-AntiFllag-Hack-Cheat\SinfulEXP Overwatch-2 Cheat\Overwatch.hpp(887,5): error C2664: 'int MessageBoxW(HWND,LPCWSTR,LPCWSTR,UINT)': cannot convert argument 2 from 'const char [52]' to 'LPCWSTR'
  (compiling source file 'main.cpp')
      D:\GitHub\ilegproj\5(18)\OwerWatch(1)\HyperFlick-Overwatch2-Auto-Skills-Sk-Assist-Esp-Spoofer-Tracking-AntiFllag-Hack-Cheat\SinfulEXP Overwatch-2 Cheat\Overwatch.hpp(887,19):
      Types pointed to are unrelated; conversion requires reinterpret_cast, C-style cast or parenthesized function-style cast
      C:\Program Files (x86)\Windows Kits\10\Include\10.0.26100.0\um\winuser.h(9222,1):
      see declaration of 'MessageBoxW'
      D:\GitHub\ilegproj\5(18)\OwerWatch(1)\HyperFlick-Overwatch2-Auto-Skills-Sk-Assist-Esp-Spoofer-Tracking-AntiFllag-Hack-Cheat\SinfulEXP Overwatch-2 Cheat\Overwatch.hpp(887,5):
      while trying to match the argument list '(int, const char [52], const char [24], long)'
  
D:\GitHub\ilegproj\5(18)\OwerWatch(1)\HyperFlick-Overwatch2-Auto-Skills-Sk-Assist-Esp-Spoofer-Tracking-AntiFllag-Hack-Cheat\SinfulEXP Overwatch-2 Cheat\Overwatch.hpp(893,11): error C2664: 'HWND CreateWindowExA(DWORD,LPCSTR,LPCSTR,DWORD,int,int,int,int,HWND,HMENU,HINSTANCE,LPVOID)': cannot convert argument 2 from 'LPCWSTR' to 'LPCSTR'
  (compiling source file 'main.cpp')
      D:\GitHub\ilegproj\5(18)\OwerWatch(1)\HyperFlick-Overwatch2-Auto-Skills-Sk-Assist-Esp-Spoofer-Tracking-AntiFllag-Hack-Cheat\SinfulEXP Overwatch-2 Cheat\Overwatch.hpp(893,11):
      Types pointed to are unrelated; conversion requires reinterpret_cast, C-style cast or parenthesized function-style cast
      C:\Program Files (x86)\Windows Kits\10\Include\10.0.26100.0\um\winuser.h(4423,1):
      see declaration of 'CreateWindowExA'
      D:\GitHub\ilegproj\5(18)\OwerWatch(1)\HyperFlick-Overwatch2-Auto-Skills-Sk-Assist-Esp-Spoofer-Tracking-AntiFllag-Hack-Cheat\SinfulEXP Overwatch-2 Cheat\Overwatch.hpp(893,11):
      while trying to match the argument list '(long, LPCWSTR, const char [8], unsigned long, int, int, int, int, int, int, HINSTANCE, int)'
  
D:\GitHub\ilegproj\5(18)\OwerWatch(1)\HyperFlick-Overwatch2-Auto-Skills-Sk-Assist-Esp-Spoofer-Tracking-AntiFllag-Hack-Cheat\SinfulEXP Overwatch-2 Cheat\Overwatch.hpp(937,21): error C3083: 'system_clock': the symbol to the left of a '::' must be a type
  (compiling source file 'main.cpp')
  
D:\GitHub\ilegproj\5(18)\OwerWatch(1)\HyperFlick-Overwatch2-Auto-Skills-Sk-Assist-Esp-Spoofer-Tracking-AntiFllag-Hack-Cheat\SinfulEXP Overwatch-2 Cheat\Overwatch.hpp(937,35): error C2039: 'now': is not a member of 'std::chrono'
  (compiling source file 'main.cpp')
      C:\Program Files\Microsoft Visual Studio\2022\Community\VC\Tools\MSVC\14.43.34808\include\__msvc_chrono.hpp(286,11):
      see declaration of 'std::chrono'
  
D:\GitHub\ilegproj\5(18)\OwerWatch(1)\HyperFlick-Overwatch2-Auto-Skills-Sk-Assist-Esp-Spoofer-Tracking-AntiFllag-Hack-Cheat\SinfulEXP Overwatch-2 Cheat\Overwatch.hpp(937,35): error C3861: 'now': identifier not found
  (compiling source file 'main.cpp')
  
D:\GitHub\ilegproj\5(18)\OwerWatch(1)\HyperFlick-Overwatch2-Auto-Skills-Sk-Assist-Esp-Spoofer-Tracking-AntiFllag-Hack-Cheat\SinfulEXP Overwatch-2 Cheat\Overwatch.hpp(937,6): error C2582: 'operator =' function is unavailable in 'std::chrono::time_point'
  (compiling source file 'main.cpp')
  
D:\GitHub\ilegproj\5(18)\OwerWatch(1)\HyperFlick-Overwatch2-Auto-Skills-Sk-Assist-Esp-Spoofer-Tracking-AntiFllag-Hack-Cheat\SinfulEXP Overwatch-2 Cheat\Overwatch.hpp(938,58): error C2678: binary '-': no operator found which takes a left-hand operand of type 'std::chrono::time_point' (or there is no acceptable conversion)
  (compiling source file 'main.cpp')
      C:\Program Files (x86)\Windows Kits\10\Include\10.0.26100.0\um\DirectXMathVector.inl(14795,29):
      could be 'DirectX::XMVECTOR DirectX::operator -(DirectX::FXMVECTOR,DirectX::FXMVECTOR) noexcept'
          D:\GitHub\ilegproj\5(18)\OwerWatch(1)\HyperFlick-Overwatch2-Auto-Skills-Sk-Assist-Esp-Spoofer-Tracking-AntiFllag-Hack-Cheat\SinfulEXP Overwatch-2 Cheat\Overwatch.hpp(938,58):
          'DirectX::XMVECTOR DirectX::operator -(DirectX::FXMVECTOR,DirectX::FXMVECTOR) noexcept': cannot convert argument 1 from 'std::chrono::time_point' to 'DirectX::FXMVECTOR'
              D:\GitHub\ilegproj\5(18)\OwerWatch(1)\HyperFlick-Overwatch2-Auto-Skills-Sk-Assist-Esp-Spoofer-Tracking-AntiFllag-Hack-Cheat\SinfulEXP Overwatch-2 Cheat\Overwatch.hpp(938,58):
              No user-defined-conversion operator available that can perform this conversion, or the operator cannot be called
      C:\Program Files\Microsoft Visual Studio\2022\Community\VC\Tools\MSVC\14.43.34808\include\__msvc_chrono.hpp(296,94):
      or       'common_type<std::chrono::duration<_Rep,_Period>,std::chrono::duration<_Rep2,_Period2>>::type std::chrono::operator -(const std::chrono::duration<_Rep,_Period> &,const std::chrono::duration<_Rep2,_Period2> &) noexcept(<expr>)'
          D:\GitHub\ilegproj\5(18)\OwerWatch(1)\HyperFlick-Overwatch2-Auto-Skills-Sk-Assist-Esp-Spoofer-Tracking-AntiFllag-Hack-Cheat\SinfulEXP Overwatch-2 Cheat\Overwatch.hpp(938,58):
          'common_type<std::chrono::duration<_Rep,_Period>,std::chrono::duration<_Rep2,_Period2>>::type std::chrono::operator -(const std::chrono::duration<_Rep,_Period> &,const std::chrono::duration<_Rep2,_Period2> &) noexcept(<expr>)': could not deduce template argument for 'const std::chrono::duration<_Rep,_Period> &' from 'std::chrono::time_point'
      C:\Program Files\Microsoft Visual Studio\2022\Community\VC\Tools\MSVC\14.43.34808\include\__msvc_chrono.hpp(545,96):
      or       'std::chrono::time_point<_Clock,common_type<_Duration,std::chrono::duration<_Rep2,_Period2>>::type> std::chrono::operator -(const std::chrono::time_point<_Clock,_Duration> &,const std::chrono::duration<_Rep2,_Period2> &) noexcept(<expr>)'
          D:\GitHub\ilegproj\5(18)\OwerWatch(1)\HyperFlick-Overwatch2-Auto-Skills-Sk-Assist-Esp-Spoofer-Tracking-AntiFllag-Hack-Cheat\SinfulEXP Overwatch-2 Cheat\Overwatch.hpp(938,58):
          'std::chrono::time_point<_Clock,common_type<_Duration,std::chrono::duration<_Rep2,_Period2>>::type> std::chrono::operator -(const std::chrono::time_point<_Clock,_Duration> &,const std::chrono::duration<_Rep2,_Period2> &) noexcept(<expr>)': could not deduce template argument for 'const std::chrono::time_point<_Clock,_Duration> &' from 'std::chrono::time_point'
      C:\Program Files\Microsoft Visual Studio\2022\Community\VC\Tools\MSVC\14.43.34808\include\__msvc_chrono.hpp(553,64):
      or       'common_type<_Duration1,_Duration2>::type std::chrono::operator -(const std::chrono::time_point<_Clock,_Duration> &,const std::chrono::time_point<_Clock,_Duration2> &) noexcept(<expr>)'
          D:\GitHub\ilegproj\5(18)\OwerWatch(1)\HyperFlick-Overwatch2-Auto-Skills-Sk-Assist-Esp-Spoofer-Tracking-AntiFllag-Hack-Cheat\SinfulEXP Overwatch-2 Cheat\Overwatch.hpp(938,58):
          'common_type<_Duration1,_Duration2>::type std::chrono::operator -(const std::chrono::time_point<_Clock,_Duration> &,const std::chrono::time_point<_Clock,_Duration2> &) noexcept(<expr>)': could not deduce template argument for 'const std::chrono::time_point<_Clock,_Duration> &' from 'std::chrono::time_point'
      D:\GitHub\ilegproj\5(18)\OwerWatch(1)\HyperFlick-Overwatch2-Auto-Skills-Sk-Assist-Esp-Spoofer-Tracking-AntiFllag-Hack-Cheat\SinfulEXP Overwatch-2 Cheat\Overwatch.hpp(938,58):
      while trying to match the argument list '(std::chrono::time_point, std::chrono::time_point)'
  
D:\GitHub\ilegproj\5(18)\OwerWatch(1)\HyperFlick-Overwatch2-Auto-Skills-Sk-Assist-Esp-Spoofer-Tracking-AntiFllag-Hack-Cheat\SinfulEXP Overwatch-2 Cheat\Overwatch.hpp(946,21): error C3083: 'system_clock': the symbol to the left of a '::' must be a type
  (compiling source file 'main.cpp')
  
D:\GitHub\ilegproj\5(18)\OwerWatch(1)\HyperFlick-Overwatch2-Auto-Skills-Sk-Assist-Esp-Spoofer-Tracking-AntiFllag-Hack-Cheat\SinfulEXP Overwatch-2 Cheat\Overwatch.hpp(946,35): error C2039: 'now': is not a member of 'std::chrono'
  (compiling source file 'main.cpp')
      C:\Program Files\Microsoft Visual Studio\2022\Community\VC\Tools\MSVC\14.43.34808\include\__msvc_chrono.hpp(286,11):
      see declaration of 'std::chrono'
  
D:\GitHub\ilegproj\5(18)\OwerWatch(1)\HyperFlick-Overwatch2-Auto-Skills-Sk-Assist-Esp-Spoofer-Tracking-AntiFllag-Hack-Cheat\SinfulEXP Overwatch-2 Cheat\Overwatch.hpp(946,35): error C3861: 'now': identifier not found
  (compiling source file 'main.cpp')
  
D:\GitHub\ilegproj\5(18)\OwerWatch(1)\HyperFlick-Overwatch2-Auto-Skills-Sk-Assist-Esp-Spoofer-Tracking-AntiFllag-Hack-Cheat\SinfulEXP Overwatch-2 Cheat\Overwatch.hpp(946,6): error C2582: 'operator =' function is unavailable in 'std::chrono::time_point'
  (compiling source file 'main.cpp')
  
D:\GitHub\ilegproj\5(18)\OwerWatch(1)\HyperFlick-Overwatch2-Auto-Skills-Sk-Assist-Esp-Spoofer-Tracking-AntiFllag-Hack-Cheat\SinfulEXP Overwatch-2 Cheat\Overwatch.hpp(947,59): error C2678: binary '-': no operator found which takes a left-hand operand of type 'std::chrono::time_point' (or there is no acceptable conversion)
  (compiling source file 'main.cpp')
      C:\Program Files (x86)\Windows Kits\10\Include\10.0.26100.0\um\DirectXMathVector.inl(14795,29):
      could be 'DirectX::XMVECTOR DirectX::operator -(DirectX::FXMVECTOR,DirectX::FXMVECTOR) noexcept'
          D:\GitHub\ilegproj\5(18)\OwerWatch(1)\HyperFlick-Overwatch2-Auto-Skills-Sk-Assist-Esp-Spoofer-Tracking-AntiFllag-Hack-Cheat\SinfulEXP Overwatch-2 Cheat\Overwatch.hpp(947,59):
          'DirectX::XMVECTOR DirectX::operator -(DirectX::FXMVECTOR,DirectX::FXMVECTOR) noexcept': cannot convert argument 1 from 'std::chrono::time_point' to 'DirectX::FXMVECTOR'
              D:\GitHub\ilegproj\5(18)\OwerWatch(1)\HyperFlick-Overwatch2-Auto-Skills-Sk-Assist-Esp-Spoofer-Tracking-AntiFllag-Hack-Cheat\SinfulEXP Overwatch-2 Cheat\Overwatch.hpp(947,59):
              No user-defined-conversion operator available that can perform this conversion, or the operator cannot be called
      C:\Program Files\Microsoft Visual Studio\2022\Community\VC\Tools\MSVC\14.43.34808\include\__msvc_chrono.hpp(296,94):
      or       'common_type<std::chrono::duration<_Rep,_Period>,std::chrono::duration<_Rep2,_Period2>>::type std::chrono::operator -(const std::chrono::duration<_Rep,_Period> &,const std::chrono::duration<_Rep2,_Period2> &) noexcept(<expr>)'
          D:\GitHub\ilegproj\5(18)\OwerWatch(1)\HyperFlick-Overwatch2-Auto-Skills-Sk-Assist-Esp-Spoofer-Tracking-AntiFllag-Hack-Cheat\SinfulEXP Overwatch-2 Cheat\Overwatch.hpp(947,59):
          'common_type<std::chrono::duration<_Rep,_Period>,std::chrono::duration<_Rep2,_Period2>>::type std::chrono::operator -(const std::chrono::duration<_Rep,_Period> &,const std::chrono::duration<_Rep2,_Period2> &) noexcept(<expr>)': could not deduce template argument for 'const std::chrono::duration<_Rep,_Period> &' from 'std::chrono::time_point'
      C:\Program Files\Microsoft Visual Studio\2022\Community\VC\Tools\MSVC\14.43.34808\include\__msvc_chrono.hpp(545,96):
      or       'std::chrono::time_point<_Clock,common_type<_Duration,std::chrono::duration<_Rep2,_Period2>>::type> std::chrono::operator -(const std::chrono::time_point<_Clock,_Duration> &,const std::chrono::duration<_Rep2,_Period2> &) noexcept(<expr>)'
          D:\GitHub\ilegproj\5(18)\OwerWatch(1)\HyperFlick-Overwatch2-Auto-Skills-Sk-Assist-Esp-Spoofer-Tracking-AntiFllag-Hack-Cheat\SinfulEXP Overwatch-2 Cheat\Overwatch.hpp(947,59):
          'std::chrono::time_point<_Clock,common_type<_Duration,std::chrono::duration<_Rep2,_Period2>>::type> std::chrono::operator -(const std::chrono::time_point<_Clock,_Duration> &,const std::chrono::duration<_Rep2,_Period2> &) noexcept(<expr>)': could not deduce template argument for 'const std::chrono::time_point<_Clock,_Duration> &' from 'std::chrono::time_point'
      C:\Program Files\Microsoft Visual Studio\2022\Community\VC\Tools\MSVC\14.43.34808\include\__msvc_chrono.hpp(553,64):
      or       'common_type<_Duration1,_Duration2>::type std::chrono::operator -(const std::chrono::time_point<_Clock,_Duration> &,const std::chrono::time_point<_Clock,_Duration2> &) noexcept(<expr>)'
          D:\GitHub\ilegproj\5(18)\OwerWatch(1)\HyperFlick-Overwatch2-Auto-Skills-Sk-Assist-Esp-Spoofer-Tracking-AntiFllag-Hack-Cheat\SinfulEXP Overwatch-2 Cheat\Overwatch.hpp(947,59):
          'common_type<_Duration1,_Duration2>::type std::chrono::operator -(const std::chrono::time_point<_Clock,_Duration> &,const std::chrono::time_point<_Clock,_Duration2> &) noexcept(<expr>)': could not deduce template argument for 'const std::chrono::time_point<_Clock,_Duration> &' from 'std::chrono::time_point'
      D:\GitHub\ilegproj\5(18)\OwerWatch(1)\HyperFlick-Overwatch2-Auto-Skills-Sk-Assist-Esp-Spoofer-Tracking-AntiFllag-Hack-Cheat\SinfulEXP Overwatch-2 Cheat\Overwatch.hpp(947,59):
      while trying to match the argument list '(std::chrono::time_point, std::chrono::time_point)'
  
D:\GitHub\ilegproj\5(18)\OwerWatch(1)\HyperFlick-Overwatch2-Auto-Skills-Sk-Assist-Esp-Spoofer-Tracking-AntiFllag-Hack-Cheat\SinfulEXP Overwatch-2 Cheat\Overwatch.hpp(989,52): warning C4305: 'argument': truncation from 'double' to 'float'
  (compiling source file 'main.cpp')
  
D:\GitHub\ilegproj\5(18)\OwerWatch(1)\HyperFlick-Overwatch2-Auto-Skills-Sk-Assist-Esp-Spoofer-Tracking-AntiFllag-Hack-Cheat\SinfulEXP Overwatch-2 Cheat\Overwatch.hpp(994,52): warning C4305: 'argument': truncation from 'double' to 'float'
  (compiling source file 'main.cpp')
  
D:\GitHub\ilegproj\5(18)\OwerWatch(1)\HyperFlick-Overwatch2-Auto-Skills-Sk-Assist-Esp-Spoofer-Tracking-AntiFllag-Hack-Cheat\SinfulEXP Overwatch-2 Cheat\Overwatch.hpp(1007,52): warning C4305: 'argument': truncation from 'double' to 'float'
  (compiling source file 'main.cpp')
  
D:\GitHub\ilegproj\5(18)\OwerWatch(1)\HyperFlick-Overwatch2-Auto-Skills-Sk-Assist-Esp-Spoofer-Tracking-AntiFllag-Hack-Cheat\SinfulEXP Overwatch-2 Cheat\Overwatch.hpp(1007,46): warning C4305: 'argument': truncation from 'double' to 'float'
  (compiling source file 'main.cpp')
  
D:\GitHub\ilegproj\5(18)\OwerWatch(1)\HyperFlick-Overwatch2-Auto-Skills-Sk-Assist-Esp-Spoofer-Tracking-AntiFllag-Hack-Cheat\SinfulEXP Overwatch-2 Cheat\Overwatch.hpp(1013,42): warning C4305: 'argument': truncation from 'double' to 'float'
  (compiling source file 'main.cpp')
  
D:\GitHub\ilegproj\5(18)\OwerWatch(1)\HyperFlick-Overwatch2-Auto-Skills-Sk-Assist-Esp-Spoofer-Tracking-AntiFllag-Hack-Cheat\SinfulEXP Overwatch-2 Cheat\Overwatch.hpp(1082,13): error C2039: 'Hotkey': is not a member of 'ImGui'
  (compiling source file 'main.cpp')
      D:\GitHub\ilegproj\5(18)\OwerWatch(1)\HyperFlick-Overwatch2-Auto-Skills-Sk-Assist-Esp-Spoofer-Tracking-AntiFllag-Hack-Cheat\SinfulEXP Overwatch-2 Cheat\imgui\imgui_internal.h(2272,11):
      see declaration of 'ImGui'
  
D:\GitHub\ilegproj\5(18)\OwerWatch(1)\HyperFlick-Overwatch2-Auto-Skills-Sk-Assist-Esp-Spoofer-Tracking-AntiFllag-Hack-Cheat\SinfulEXP Overwatch-2 Cheat\Overwatch.hpp(1084,13): error C2039: 'Hotkey1': is not a member of 'ImGui'
  (compiling source file 'main.cpp')
      D:\GitHub\ilegproj\5(18)\OwerWatch(1)\HyperFlick-Overwatch2-Auto-Skills-Sk-Assist-Esp-Spoofer-Tracking-AntiFllag-Hack-Cheat\SinfulEXP Overwatch-2 Cheat\imgui\imgui_internal.h(2272,11):
      see declaration of 'ImGui'
  
D:\GitHub\ilegproj\5(18)\OwerWatch(1)\HyperFlick-Overwatch2-Auto-Skills-Sk-Assist-Esp-Spoofer-Tracking-AntiFllag-Hack-Cheat\SinfulEXP Overwatch-2 Cheat\Overwatch.hpp(1104,13): error C2039: 'Hotkey4': is not a member of 'ImGui'
  (compiling source file 'main.cpp')
      D:\GitHub\ilegproj\5(18)\OwerWatch(1)\HyperFlick-Overwatch2-Auto-Skills-Sk-Assist-Esp-Spoofer-Tracking-AntiFllag-Hack-Cheat\SinfulEXP Overwatch-2 Cheat\imgui\imgui_internal.h(2272,11):
      see declaration of 'ImGui'
  
D:\GitHub\ilegproj\5(18)\OwerWatch(1)\HyperFlick-Overwatch2-Auto-Skills-Sk-Assist-Esp-Spoofer-Tracking-AntiFllag-Hack-Cheat\SinfulEXP Overwatch-2 Cheat\Overwatch.hpp(1107,13): error C2039: 'Hotkey2': is not a member of 'ImGui'
  (compiling source file 'main.cpp')
      D:\GitHub\ilegproj\5(18)\OwerWatch(1)\HyperFlick-Overwatch2-Auto-Skills-Sk-Assist-Esp-Spoofer-Tracking-AntiFllag-Hack-Cheat\SinfulEXP Overwatch-2 Cheat\imgui\imgui_internal.h(2272,11):
      see declaration of 'ImGui'
  
D:\GitHub\ilegproj\5(18)\OwerWatch(1)\HyperFlick-Overwatch2-Auto-Skills-Sk-Assist-Esp-Spoofer-Tracking-AntiFllag-Hack-Cheat\SinfulEXP Overwatch-2 Cheat\Overwatch.hpp(1109,13): error C2039: 'Hotkey3': is not a member of 'ImGui'
  (compiling source file 'main.cpp')
      D:\GitHub\ilegproj\5(18)\OwerWatch(1)\HyperFlick-Overwatch2-Auto-Skills-Sk-Assist-Esp-Spoofer-Tracking-AntiFllag-Hack-Cheat\SinfulEXP Overwatch-2 Cheat\imgui\imgui_internal.h(2272,11):
      see declaration of 'ImGui'
  
D:\GitHub\ilegproj\5(18)\OwerWatch(1)\HyperFlick-Overwatch2-Auto-Skills-Sk-Assist-Esp-Spoofer-Tracking-AntiFllag-Hack-Cheat\SinfulEXP Overwatch-2 Cheat\Overwatch.hpp(1154,129): warning C4244: 'argument': conversion from 'float' to 'DWORD', possible loss of data
  (compiling source file 'main.cpp')
  
D:\GitHub\ilegproj\5(18)\OwerWatch(1)\HyperFlick-Overwatch2-Auto-Skills-Sk-Assist-Esp-Spoofer-Tracking-AntiFllag-Hack-Cheat\SinfulEXP Overwatch-2 Cheat\Overwatch.hpp(1154,79): warning C4244: 'argument': conversion from 'float' to 'DWORD', possible loss of data
  (compiling source file 'main.cpp')
  
D:\GitHub\ilegproj\5(18)\OwerWatch(1)\HyperFlick-Overwatch2-Auto-Skills-Sk-Assist-Esp-Spoofer-Tracking-AntiFllag-Hack-Cheat\SinfulEXP Overwatch-2 Cheat\Overwatch.hpp(1170,123): warning C4244: 'argument': conversion from 'float' to 'DWORD', possible loss of data
  (compiling source file 'main.cpp')
  
D:\GitHub\ilegproj\5(18)\OwerWatch(1)\HyperFlick-Overwatch2-Auto-Skills-Sk-Assist-Esp-Spoofer-Tracking-AntiFllag-Hack-Cheat\SinfulEXP Overwatch-2 Cheat\Overwatch.hpp(1170,76): warning C4244: 'argument': conversion from 'float' to 'DWORD', possible loss of data
  (compiling source file 'main.cpp')
  
D:\GitHub\ilegproj\5(18)\OwerWatch(1)\HyperFlick-Overwatch2-Auto-Skills-Sk-Assist-Esp-Spoofer-Tracking-AntiFllag-Hack-Cheat\SinfulEXP Overwatch-2 Cheat\Overwatch.hpp(1202,14): error C7525: inline variables require at least '/std:c++17'
  (compiling source file 'main.cpp')
  
D:\GitHub\ilegproj\5(18)\OwerWatch(1)\HyperFlick-Overwatch2-Auto-Skills-Sk-Assist-Esp-Spoofer-Tracking-AntiFllag-Hack-Cheat\SinfulEXP Overwatch-2 Cheat\Overwatch.hpp(1203,49): error C7525: inline variables require at least '/std:c++17'
  (compiling source file 'main.cpp')
  
D:\GitHub\ilegproj\5(18)\OwerWatch(1)\HyperFlick-Overwatch2-Auto-Skills-Sk-Assist-Esp-Spoofer-Tracking-AntiFllag-Hack-Cheat\SinfulEXP Overwatch-2 Cheat\Overwatch.hpp(1255,13): warning C4477: 'printf' : format string '%p' requires an argument of type 'void *', but variadic argument 1 has type 'ULONGLONG'
  (compiling source file 'main.cpp')
  
D:\GitHub\ilegproj\5(18)\OwerWatch(1)\HyperFlick-Overwatch2-Auto-Skills-Sk-Assist-Esp-Spoofer-Tracking-AntiFllag-Hack-Cheat\SinfulEXP Overwatch-2 Cheat\main.cpp(32,10): error C2664: 'int _stricmp(const char *,const char *)': cannot convert argument 1 from 'WCHAR [260]' to 'const char *'
      D:\GitHub\ilegproj\5(18)\OwerWatch(1)\HyperFlick-Overwatch2-Auto-Skills-Sk-Assist-Esp-Spoofer-Tracking-AntiFllag-Hack-Cheat\SinfulEXP Overwatch-2 Cheat\main.cpp(32,28):
      Types pointed to are unrelated; conversion requires reinterpret_cast, C-style cast or parenthesized function-style cast
      C:\Program Files (x86)\Windows Kits\10\Include\10.0.26100.0\ucrt\string.h(189,22):
      see declaration of '_stricmp'
      D:\GitHub\ilegproj\5(18)\OwerWatch(1)\HyperFlick-Overwatch2-Auto-Skills-Sk-Assist-Esp-Spoofer-Tracking-AntiFllag-Hack-Cheat\SinfulEXP Overwatch-2 Cheat\main.cpp(32,10):
      while trying to match the argument list '(WCHAR [260], const char *)'
  
D:\GitHub\ilegproj\5(18)\OwerWatch(1)\HyperFlick-Overwatch2-Auto-Skills-Sk-Assist-Esp-Spoofer-Tracking-AntiFllag-Hack-Cheat\SinfulEXP Overwatch-2 Cheat\main.cpp(46,2): error C2664: 'DWORD GetModuleFileNameW(HMODULE,LPWSTR,DWORD)': cannot convert argument 2 from 'char [260]' to 'LPWSTR'
      D:\GitHub\ilegproj\5(18)\OwerWatch(1)\HyperFlick-Overwatch2-Auto-Skills-Sk-Assist-Esp-Spoofer-Tracking-AntiFllag-Hack-Cheat\SinfulEXP Overwatch-2 Cheat\main.cpp(46,26):
      Types pointed to are unrelated; conversion requires reinterpret_cast, C-style cast or parenthesized function-style cast
      C:\Program Files (x86)\Windows Kits\10\Include\10.0.26100.0\um\libloaderapi.h(219,1):
      see declaration of 'GetModuleFileNameW'
      D:\GitHub\ilegproj\5(18)\OwerWatch(1)\HyperFlick-Overwatch2-Auto-Skills-Sk-Assist-Esp-Spoofer-Tracking-AntiFllag-Hack-Cheat\SinfulEXP Overwatch-2 Cheat\main.cpp(46,2):
      while trying to match the argument list '(int, char [260], int)'
  
  Generating Code...
